<?xml version="1.0" encoding="UTF-8"?>
<testsuite xmlns:xsi="http://www.w3.org/2001/XMLSchema-instance" xsi:noNamespaceSchemaLocation="https://maven.apache.org/surefire/maven-surefire-plugin/xsd/surefire-test-report-3.0.xsd" version="3.0" name="challenge.decrypto.DecryptoApplicationTests" time="2.245" tests="1" errors="0" skipped="0" failures="0">
  <properties>
[...]
</properties>
  <testcase name="contextLoads" classname="challenge.decrypto.DecryptoApplicationTests" time="0.262">
    <system-out><![CDATA[00:50:17.798 [main] INFO org.springframework.test.context.support.AnnotationConfigContextLoaderUtils -- Could not detect default configuration classes for test class [challenge.decrypto.DecryptoApplicationTests]: DecryptoApplicationTests does not declare any static, non-private, non-final, nested classes annotated with @Configuration.
00:50:17.833 [main] INFO org.springframework.boot.test.context.SpringBootTestContextBootstrapper -- Found @SpringBootConfiguration challenge.decrypto.DecryptoApplication for test class challenge.decrypto.DecryptoApplicationTests
  .   ____          _            __ _ _
 /\\ / ___'_ __ _ _(_)_ __  __ _ \ \ \ \
( ( )\___ | '_ | '_| | '_ \/ _` | \ \ \ \
 \\/  ___)| |_)| | | | | || (_| |  ) ) ) )
  '  |____| .__|_| |_|_| |_\__, | / / / /
 =========|_|==============|___/=/_/_/_/

 :: Spring Boot ::                (v3.3.0)

2024-06-08T00:50:17.961-03:00  INFO 21713 --- [decrypto] [           main] c.decrypto.DecryptoApplicationTests      : Starting DecryptoApplicationTests using Java 21.0.3 with PID 21713 (started by lucascabrera in /Users/lucascabrera/Documents/Backend/challenge-decrypto)
2024-06-08T00:50:17.962-03:00  INFO 21713 --- [decrypto] [           main] c.decrypto.DecryptoApplicationTests      : No active profile set, falling back to 1 default profile: "default"
2024-06-08T00:50:18.268-03:00  INFO 21713 --- [decrypto] [           main] .s.d.r.c.RepositoryConfigurationDelegate : Bootstrapping Spring Data JPA repositories in DEFAULT mode.
2024-06-08T00:50:18.327-03:00  INFO 21713 --- [decrypto] [           main] .s.d.r.c.RepositoryConfigurationDelegate : Finished Spring Data repository scanning in 55 ms. Found 3 JPA repository interfaces.
2024-06-08T00:50:18.494-03:00  INFO 21713 --- [decrypto] [           main] o.hibernate.jpa.internal.util.LogHelper  : HHH000204: Processing PersistenceUnitInfo [name: default]
2024-06-08T00:50:18.515-03:00  INFO 21713 --- [decrypto] [           main] org.hibernate.Version                    : HHH000412: Hibernate ORM core version 6.5.2.Final
2024-06-08T00:50:18.528-03:00  INFO 21713 --- [decrypto] [           main] o.h.c.internal.RegionFactoryInitiator    : HHH000026: Second-level cache disabled
2024-06-08T00:50:18.644-03:00  INFO 21713 --- [decrypto] [           main] o.s.o.j.p.SpringPersistenceUnitInfo      : No LoadTimeWeaver setup: ignoring JPA class transformer
2024-06-08T00:50:18.653-03:00  INFO 21713 --- [decrypto] [           main] com.zaxxer.hikari.HikariDataSource       : HikariPool-1 - Starting...
2024-06-08T00:50:18.720-03:00  INFO 21713 --- [decrypto] [           main] com.zaxxer.hikari.pool.HikariPool        : HikariPool-1 - Added connection conn0: url=jdbc:h2:mem:decryptodb user=SA
2024-06-08T00:50:18.720-03:00  INFO 21713 --- [decrypto] [           main] com.zaxxer.hikari.HikariDataSource       : HikariPool-1 - Start completed.
2024-06-08T00:50:18.730-03:00  WARN 21713 --- [decrypto] [           main] org.hibernate.orm.deprecation            : HHH90000025: H2Dialect does not need to be specified explicitly using 'hibernate.dialect' (remove the property setting and it will be selected by default)
2024-06-08T00:50:19.082-03:00  INFO 21713 --- [decrypto] [           main] o.h.e.t.j.p.i.JtaPlatformInitiator       : HHH000489: No JTA platform available (set 'hibernate.transaction.jta.platform' to enable JTA platform integration)
2024-06-08T00:50:19.107-03:00  INFO 21713 --- [decrypto] [           main] j.LocalContainerEntityManagerFactoryBean : Initialized JPA EntityManagerFactory for persistence unit 'default'
2024-06-08T00:50:19.232-03:00  INFO 21713 --- [decrypto] [           main] o.s.d.j.r.query.QueryEnhancerFactory     : Hibernate is in classpath; If applicable, HQL parser will be used.
2024-06-08T00:50:19.509-03:00  WARN 21713 --- [decrypto] [           main] JpaBaseConfiguration$JpaWebConfiguration : spring.jpa.open-in-view is enabled by default. Therefore, database queries may be performed during view rendering. Explicitly configure spring.jpa.open-in-view to disable this warning
2024-06-08T00:50:19.639-03:00  INFO 21713 --- [decrypto] [           main] o.s.b.a.h2.H2ConsoleAutoConfiguration    : H2 console available at '/h2-console'. Database available at 'jdbc:h2:mem:decryptodb'
2024-06-08T00:50:19.670-03:00  INFO 21713 --- [decrypto] [           main] c.decrypto.DecryptoApplicationTests      : Started DecryptoApplicationTests in 1.791 seconds (process running for 2.193)
]]></system-out>
    <system-err><![CDATA[WARNING: A Java agent has been loaded dynamically (/Users/lucascabrera/.m2/repository/net/bytebuddy/byte-buddy-agent/1.14.16/byte-buddy-agent-1.14.16.jar)
WARNING: If a serviceability tool is in use, please run with -XX:+EnableDynamicAgentLoading to hide this warning
WARNING: If a serviceability tool is not in use, please run with -Djdk.instrument.traceUsage for more information
WARNING: Dynamic loading of agents will be disallowed by default in a future release
]]></system-err>
  </testcase>
</testsuite>